<?xml version="1.0" encoding="UTF-8"?>
<!-- Generated by org.testng.reporters.JUnitReportReporter -->
<testsuite hostname="Rakhis-MacBook-Air.local" failures="0" tests="1" name="com.crm.qa.testcases.LoginPageTest" time="42.126" errors="0" timestamp="22 Mar 2021 19:35:45 GMT" skipped="0">
  <testcase classname="com.crm.qa.testcases.LoginPageTest" name="loginTest" time="42.126"/>
</testsuite> <!-- com.crm.qa.testcases.LoginPageTest -->
